 Name of the input file: b-20.inp

 Number of Eigen  threads:     1
 Number of OpenMP threads:     1

 Input parameters:
  Nuclear charge            = 5.000000000000000e+00
  Number of electrons       = 5
  Number of closed shells   = 2
  Number of open shells     = 3

  Linear dependency thresh. = 1.000000000000000e-30
  Integrals threshold       = 1.000000000000000e-28

  Maximum SCF iterations    = 300
  Size of the DIIS subspace = 10
  SCF energy convergence    = 1.000000000000000e-15
  SCF density convergence   = 1.000000000000000e-07

  ROHF coupling parameter f = 1.666666666666667e-01
  ROHF coupling parameter a = 0.000000000000000e+00
  ROHF coupling parameter b = 0.000000000000000e+00

  Legendre expansion length = 2
  Basis set composition     = S16P16D16
  Basis set tempering parameters:
  -2.274456010061066e-01   1.574709169993977e+00 
  -6.124088870034043e-01   1.645051552589187e+00 
  -6.124088870034043e-01   1.645051552589187e+00 

 Powell algorithm settings:
  Max. number of macroiterations    = 30
  Max. number of Powell iterations  = 50
  Max. number of bracketing steps   = 50
  Max. number of golden bisections  = 80
  Powell method stopping condition  = 1.000000000000000e-16
  Golden section stopping condition = 1.000000000000000e-16

 Orbital basis set data:
  1S    7.965657526944110e-01
  1S    9.826675864438602e-01
  1S    1.212248432952466e+00
  1S    1.495466303629488e+00
  1S    1.844852428346209e+00
  1S    2.275865710992402e+00
  1S    2.807576722607617e+00
  1S    3.463511495979668e+00
  1S    4.272692456162614e+00
  1S    5.270922543822871e+00
  1S    6.502369348607942e+00
  1S    8.021519343945973e+00
  1S    9.895588690155637e+00
  1S    1.220749727402212e+01
  1S    1.505953757389988e+01
  1S    1.857790068258435e+01
  2P    5.420435734236069e-01
  2P    6.749823882094772e-01
  2P    8.405250919503423e-01
  2P    1.046667946510744e+00
  2P    1.303368335751885e+00
  2P    1.623025740210915e+00
  2P    2.021080673152589e+00
  2P    2.516760508591871e+00
  2P    3.134008227255656e+00
  2P    3.902638941995144e+00
  2P    4.859780066663668e+00
  2P    6.051664693395281e+00
  2P    7.535864804357113e+00
  2P    9.384072189512984e+00
  2P    1.168556139795338e+01
  2P    1.455150199483120e+01
  3D    5.420435734236069e-01
  3D    6.749823882094772e-01
  3D    8.405250919503423e-01
  3D    1.046667946510744e+00
  3D    1.303368335751885e+00
  3D    1.623025740210915e+00
  3D    2.021080673152589e+00
  3D    2.516760508591871e+00
  3D    3.134008227255656e+00
  3D    3.902638941995144e+00
  3D    4.859780066663668e+00
  3D    6.051664693395281e+00
  3D    7.535864804357113e+00
  3D    9.384072189512984e+00
  3D    1.168556139795338e+01
  3D    1.455150199483120e+01

  There are   0 eigenvalues below                              1.000000000000000e-30.
  The lowest eigenvalue of the S matrix = 4.898160906487214e-13

 SCF calculations settings:
  Maximum number of iterations :  300
  Size of the DIIS subspace    :   10
  Energy  convergence threshold: 1.000000000000000e-15
  Density convergence threshold: 1.000000000000000e-07

 ---------------------------------------------------------------------------------
  ###           Energy                 Energy diff.            Density diff.      
 ---------------------------------------------------------------------------------
    0   -2.176221565348873e+01    2.176221565348873e+01
    1   -2.351826445704048e+01    1.756048803551747e+00    7.883117938651574e+07
    2   -2.445054208644530e+01    9.322776294048244e-01    7.882039589654281e+07
    3   -2.450722645843290e+01    5.668437198759949e-02    4.151499193162598e+04
    4   -2.451421862435380e+01    6.992165920895548e-03    2.716153654277524e+03
    5   -2.451788265018015e+01    3.664025826354261e-03    1.972062525457862e+02
    6   -2.452055596234703e+01    2.673312166877166e-03    1.245987520077294e+01
    7   -2.452256681366578e+01    2.010851318750868e-03    8.384683412780657e-01
    8   -2.452409063353139e+01    1.523819865610342e-03    4.570933955819172e-01
    9   -2.452525046007252e+01    1.159826541133083e-03    5.082621092165355e-01
   10   -2.452613595243849e+01    8.854923659731730e-04    3.902704854251244e-01
   11   -2.452681350803246e+01    6.775555939612056e-04    1.752866957712924e-01
   12   -2.452733281761565e+01    5.193095831955186e-04    2.272052663870583e-01
   13   -2.452773134285436e+01    3.985252387054168e-04    2.540080276989729e-01
   14   -2.452803747490562e+01    3.061320512589055e-04    2.607575289419821e-01
   15   -2.452827281377919e+01    2.353388735787930e-04    2.389415016100348e-01
   16   -2.452905908518226e+01    7.862714030627528e-04    1.744201321532911e+00
   17   -2.452905891744971e+01    1.677325517939009e-07    1.267623394176719e-02
   18   -2.452906022096668e+01    1.303516972700665e-06    1.083904781844473e-01
   19   -2.452906057440882e+01    3.534421433699392e-07    1.399736615710492e-01
   20   -2.452906070810928e+01    1.337004618027331e-07    1.541506985518703e-01
   21   -2.452906072172347e+01    1.361419152200287e-08    1.360520986492328e-01
   22   -2.452906072557101e+01    3.847532540757414e-09    4.521568290569066e-02
   23   -2.452906072839031e+01    2.819297969876413e-09    3.826713585621819e-02
   24   -2.452906072848110e+01    9.079509376253136e-11    1.438796480087770e-02
   25   -2.452906072852108e+01    3.998335665843093e-11    1.013824314508466e-02
   26   -2.452906072852658e+01    5.495181451380654e-12    6.706457917380037e-03
   27   -2.452906072852932e+01    2.742764924346243e-12    4.724637039388307e-03
   28   -2.452906072852953e+01    2.056061729258475e-13    7.992000568592656e-04
   29   -2.452906072852971e+01    1.860054066481764e-13    7.651324115330962e-04
   30   -2.452906072852976e+01    5.006223203556280e-14    3.943609543520860e-04
   31   -2.452906072852981e+01    4.201335728304094e-14    5.531436484281374e-04
   32   -2.452906072852981e+01    2.405711907031568e-16    3.378841530124071e-05
   33   -2.452906072852981e+01    6.683124525929340e-17    1.769379201527179e-05
   34   -2.452906072852981e+01    8.119034842934872e-17    3.146179298721193e-05
   35   -2.452906072852981e+01    1.402479189611475e-16    1.749355061806693e-05
   36   -2.452906072852981e+01    1.844561818866454e-17    2.208089904367418e-06
   37   -2.452906072852981e+01    2.539006705303272e-18    1.688118624280566e-06
   38   -2.452906072852981e+01    1.578322221881496e-16    2.750233021488464e-05
   39   -2.452906072852981e+01    3.925598397415835e-17    1.932348962694088e-05
   40   -2.452906072852981e+01    9.689252853847888e-20    2.946840552242638e-07
   41   -2.452906072852981e+01    3.408366735592588e-20    3.501932081489172e-07
   42   -2.452906072852981e+01    1.678657698809987e-19    1.288259595643653e-06
   43   -2.452906072852981e+01    4.253523995086241e-20    7.580155559012542e-07
   44   -2.452906072852981e+01    3.619652053037548e-20    2.774057614306740e-07
   45   -2.452906072852981e+01    1.816638207330096e-20    2.058580640401811e-07
   46   -2.452906072852981e+01    2.754375307135508e-20    2.403962567954202e-07
   47   -2.452906072852981e+01    1.624873840491146e-20    1.717094967990925e-07
   48   -2.452906072852981e+01    6.263982400570566e-21    2.922683308106995e-08
 ---------------------------------------------------------------------------------

 SCF computing time: 790 s.

 Orbital basis set data:
  1S    7.965657526944110e-01
  1S    9.826675864438602e-01
  1S    1.212248432952466e+00
  1S    1.495466303629488e+00
  1S    1.844852428346209e+00
  1S    2.275865710992402e+00
  1S    2.807576722607617e+00
  1S    3.463511495979668e+00
  1S    4.272692456162614e+00
  1S    5.270922543822871e+00
  1S    6.502369348607942e+00
  1S    8.021519343945973e+00
  1S    9.895588690155637e+00
  1S    1.220749727402212e+01
  1S    1.505953757389988e+01
  1S    1.857790068258435e+01
  2P    5.420435734236069e-01
  2P    6.749823882094772e-01
  2P    8.405250919503423e-01
  2P    1.046667946510744e+00
  2P    1.303368335751885e+00
  2P    1.623025740210915e+00
  2P    2.021080673152589e+00
  2P    2.516760508591871e+00
  2P    3.134008227255656e+00
  2P    3.902638941995144e+00
  2P    4.859780066663668e+00
  2P    6.051664693395281e+00
  2P    7.535864804357113e+00
  2P    9.384072189512984e+00
  2P    1.168556139795338e+01
  2P    1.455150199483120e+01
  3D    5.420435734236069e-01
  3D    6.749823882094772e-01
  3D    8.405250919503423e-01
  3D    1.046667946510744e+00
  3D    1.303368335751885e+00
  3D    1.623025740210915e+00
  3D    2.021080673152589e+00
  3D    2.516760508591871e+00
  3D    3.134008227255656e+00
  3D    3.902638941995144e+00
  3D    4.859780066663668e+00
  3D    6.051664693395281e+00
  3D    7.535864804357113e+00
  3D    9.384072189512984e+00
  3D    1.168556139795338e+01
  3D    1.455150199483120e+01

 Orbital occupations agree with the Aufbau principle.
 Reference configuration composition:
  Number of S occupied shells = 2
  Number of P occupied shells = 1

 Number of extra shells    = 3
 Number of extra functions = 11

 RI error without extra functions   = 8.803644065166118e-03
 RI error including extra functions = 1.596328326399993e-11

 Extended orbital basis set data:
  1S    7.965657526944110e-01
  1S    9.826675864438602e-01
  1S    1.212248432952466e+00
  1S    1.495466303629488e+00
  1S    1.844852428346209e+00
  1S    2.275865710992402e+00
  1S    2.807576722607617e+00
  1S    3.463511495979668e+00
  1S    4.272692456162614e+00
  1S    5.270922543822871e+00
  1S    6.502369348607942e+00
  1S    8.021519343945973e+00
  1S    9.895588690155637e+00
  1S    1.220749727402212e+01
  1S    1.505953757389988e+01
  1S    1.857790068258435e+01
  2P    5.420435734236069e-01
  2P    6.749823882094772e-01
  2P    8.405250919503423e-01
  2P    1.046667946510744e+00
  2P    1.303368335751885e+00
  2P    1.623025740210915e+00
  2P    2.021080673152589e+00
  2P    2.516760508591871e+00
  2P    3.134008227255656e+00
  2P    3.902638941995144e+00
  2P    4.859780066663668e+00
  2P    6.051664693395281e+00
  2P    7.535864804357113e+00
  2P    9.384072189512984e+00
  2P    1.168556139795338e+01
  2P    1.455150199483120e+01
  3D    5.420435734236069e-01
  3D    6.749823882094772e-01
  3D    8.405250919503423e-01
  3D    1.046667946510744e+00
  3D    1.303368335751885e+00
  3D    1.623025740210915e+00
  3D    2.021080673152589e+00
  3D    2.516760508591871e+00
  3D    3.134008227255656e+00
  3D    3.902638941995144e+00
  3D    4.859780066663668e+00
  3D    6.051664693395281e+00
  3D    7.535864804357113e+00
  3D    9.384072189512984e+00
  3D    1.168556139795338e+01
  3D    1.455150199483120e+01
  1P    5.000000000000000e+00
  1P    2.500000000000000e+00
  2D    5.000000000000000e+00

 Calculation of auxiliary quantities:
  Denominator - exact wavefunction =    -2.259476378491535e+03
  Denominator - evaluation with RI =    -2.257521333607141e+03
  Relative difference between them =     8.656390855181805e-04

  P**2 expectation value      =    -4.878821602937824e+01
  P**2 expectation value (RI) =    -4.878821602928246e+01
  Relative RI error in P**2   =     1.963172818746335e-12

 Calculation of Bethe logarithm:
  Size of the numerical momentum grid     = 50
  Number of extra shells for optimization = 3

 Response calculations for momentum = 1.133286848072562e+06


 Number of extra shells    = 6
 Number of extra functions = 22

 CPHF basis set data:
  1S    7.965657526944110e-01
  1S    9.826675864438602e-01
  1S    1.212248432952466e+00
  1S    1.495466303629488e+00
  1S    1.844852428346209e+00
  1S    2.275865710992402e+00
  1S    2.807576722607617e+00
  1S    3.463511495979668e+00
  1S    4.272692456162614e+00
  1S    5.270922543822871e+00
  1S    6.502369348607942e+00
  1S    8.021519343945973e+00
  1S    9.895588690155637e+00
  1S    1.220749727402212e+01
  1S    1.505953757389988e+01
  1S    1.857790068258435e+01
  2P    5.420435734236069e-01
  2P    6.749823882094772e-01
  2P    8.405250919503423e-01
  2P    1.046667946510744e+00
  2P    1.303368335751885e+00
  2P    1.623025740210915e+00
  2P    2.021080673152589e+00
  2P    2.516760508591871e+00
  2P    3.134008227255656e+00
  2P    3.902638941995144e+00
  2P    4.859780066663668e+00
  2P    6.051664693395281e+00
  2P    7.535864804357113e+00
  2P    9.384072189512984e+00
  2P    1.168556139795338e+01
  2P    1.455150199483120e+01
  3D    5.420435734236069e-01
  3D    6.749823882094772e-01
  3D    8.405250919503423e-01
  3D    1.046667946510744e+00
  3D    1.303368335751885e+00
  3D    1.623025740210915e+00
  3D    2.021080673152589e+00
  3D    2.516760508591871e+00
  3D    3.134008227255656e+00
  3D    3.902638941995144e+00
  3D    4.859780066663668e+00
  3D    6.051664693395281e+00
  3D    7.535864804357113e+00
  3D    9.384072189512984e+00
  3D    1.168556139795338e+01
  3D    1.455150199483120e+01
  2D    1.505514429072377e+03
  1P    7.527572145361883e+02
  1P    1.505514429072377e+03
  1P    5.000000000000000e+00
  1P    2.500000000000000e+00
  2D    5.000000000000000e+00

 Norm of the off-diagonal blocks of the Fock operator = 6.346983369474366e-07

 CPHF calculations settings:
  Maximum number of iterations  :  100
  Residual convergence threshold: 1.000000000000000e-18
  Perturbation frequency        : 1.133286848072562e+06

 ---------------------------------------------------------------------------------
  ###        RMS(error)                 MAX(error)              Response          
 ---------------------------------------------------------------------------------
    1    1.764321198720990e-01    4.661700757852328e-02   -2.529896542411018e-05
    2    2.232355924112424e-03    1.853416473878236e-03   -2.600190635692408e-05
    3    8.694418058440605e-05    5.575953083466135e-05   -2.599973259719208e-05
    4    4.295589999747248e-03    2.747534834762163e-03   -2.599589127703852e-05
    5    1.130587262094290e-05    1.095162552196524e-05   -2.599980777489904e-05
    6    9.825656717992274e-08    2.531238963969367e-08   -2.599980548667322e-05
    7    1.927506455975186e-08    1.345284849140566e-08   -2.599980558087721e-05
    8    3.245546840484262e-10    1.989417680234475e-10   -2.599980550379214e-05
    9    4.674624183126446e-12    2.479004431457769e-12   -2.599980550382230e-05
   10    7.616210992189307e-13    3.699336052560746e-13   -2.599980550380171e-05
   11    3.896896836624635e-13    3.586517721207641e-13   -2.599980550380303e-05
   12    7.566217535624657e-15    6.207611280136030e-15   -2.599980550380250e-05
   13    3.991588743247496e-15    2.369733838920639e-15   -2.599980550380250e-05
   14    6.982223032313630e-17    3.888753827486952e-17   -2.599980550380250e-05
   15    4.966603603041052e-17    2.578102825523485e-17   -2.599980550380250e-05
   16    8.330273722338123e-18    7.435964279621146e-18   -2.599980550380250e-05
   17    1.606146875665452e-19    6.983220717152991e-20   -2.599980550380250e-05
 ---------------------------------------------------------------------------------
  CPHF solution found within   16 iterations.

  <<A;B>>:    -1.299990275190125e-05
  Total integrand:    -1.565716959935324e+10

 Total computing time: 2417 s.
